2018-11-30 23:07:01,204 books_views.py[line:48] DEBUG Search: search key = yourself
2018-11-30 23:07:04,609 books_views.py[line:48] DEBUG Search: search key = yo
2018-12-01 22:20:12,803 books_views.py[line:48] DEBUG Search: search key = 的
2018-12-01 22:20:15,315 books_views.py[line:48] DEBUG Search: search key = 的
2018-12-01 22:20:16,824 books_views.py[line:48] DEBUG Search: search key = 的
2018-12-01 22:21:53,714 books_views.py[line:48] DEBUG Search: search key = asdasdasdas
2018-12-01 23:25:41,148 books_views.py[line:72] DEBUG Search: searchAll
2018-12-01 23:25:44,817 books_views.py[line:72] DEBUG Search: searchAll
2018-12-01 23:25:45,773 books_views.py[line:72] DEBUG Search: searchAll
2018-12-01 23:25:46,308 books_views.py[line:72] DEBUG Search: searchAll
2018-12-01 23:29:28,876 books_views.py[line:72] DEBUG Search: searchAll
2018-12-01 23:30:35,954 books_views.py[line:72] DEBUG Search: searchAll
2018-12-01 23:33:54,786 books_views.py[line:72] DEBUG Search: searchAll
2018-12-01 23:38:30,587 books_views.py[line:72] DEBUG Search: searchAll
2018-12-01 23:40:47,789 books_views.py[line:72] DEBUG Search: searchAll
2018-12-01 23:52:35,738 books_views.py[line:72] DEBUG Search: searchAll
2018-12-01 23:53:50,343 books_views.py[line:72] DEBUG Search: searchAll
2018-12-02 12:12:21,520 books_views.py[line:74] DEBUG Search: searchAll
2018-12-02 12:18:34,594 books_views.py[line:74] DEBUG Search: searchAll
2018-12-02 12:19:16,203 books_views.py[line:74] DEBUG Search: searchAll
2018-12-02 12:21:42,423 books_views.py[line:74] DEBUG Search: searchAll
2018-12-02 13:47:49,773 books_views.py[line:74] DEBUG Search: searchAll
2018-12-02 13:49:39,435 books_views.py[line:74] DEBUG Search: searchAll
2018-12-02 14:02:05,019 books_views.py[line:74] DEBUG Search: searchAll
2018-12-02 14:03:19,550 books_views.py[line:107] INFO 获取图片出错！
2018-12-02 14:07:46,667 books_views.py[line:74] DEBUG Search: searchAll
2018-12-02 14:07:52,159 books_views.py[line:107] INFO 获取图片出错！
2018-12-02 14:07:52,216 books_views.py[line:124] DEBUG Search: update bookId=734
2018-12-02 14:11:13,287 books_views.py[line:74] DEBUG Search: searchAll
2018-12-02 14:11:33,744 books_views.py[line:74] DEBUG Search: searchAll
2018-12-02 14:11:45,451 books_views.py[line:107] INFO 获取图片出错！
2018-12-02 14:11:45,671 books_views.py[line:124] DEBUG Search: update bookId=734
2018-12-02 14:12:54,635 books_views.py[line:74] DEBUG Search: searchAll
2018-12-02 14:13:22,897 books_views.py[line:74] DEBUG Search: searchAll
2018-12-02 14:13:28,399 books_views.py[line:107] INFO 获取图片出错！
2018-12-02 14:13:28,507 books_views.py[line:124] DEBUG Search: update bookId=734
2018-12-02 14:15:47,252 books_views.py[line:74] DEBUG Search: searchAll
2018-12-02 14:15:54,312 books_views.py[line:107] INFO 获取图片出错！
2018-12-02 14:15:54,427 books_views.py[line:124] DEBUG Search: update bookId=734
2018-12-02 14:17:17,939 books_views.py[line:74] DEBUG Search: searchAll
2018-12-02 14:17:31,760 books_views.py[line:74] DEBUG Search: searchAll
2018-12-02 14:17:36,823 books_views.py[line:106] INFO 获取图片出错！
2018-12-02 14:17:36,898 books_views.py[line:123] DEBUG Search: update bookId=734
2018-12-02 14:17:42,413 books_views.py[line:106] INFO 获取图片出错！
2018-12-02 14:17:42,491 books_views.py[line:123] DEBUG Search: update bookId=734
2018-12-02 14:19:51,570 books_views.py[line:74] DEBUG Search: searchAll
2018-12-02 14:20:37,765 books_views.py[line:112] DEBUG UploadFileHandle: save image path: F:\PythonFile\BMS\static/image/
2018-12-02 14:20:37,874 books_views.py[line:123] DEBUG Search: update bookId=734
2018-12-02 14:21:57,935 books_views.py[line:112] DEBUG UploadFileHandle: save image path: F:\PythonFile\BMS\static/image/
2018-12-02 14:21:58,010 books_views.py[line:123] DEBUG Search: update bookId=734
2018-12-02 14:26:04,234 books_views.py[line:74] DEBUG Search: searchAll
2018-12-02 14:29:31,829 books_views.py[line:74] DEBUG Search: searchAll
2018-12-02 14:32:26,432 books_views.py[line:154] INFO 获取图片出错！
2018-12-02 14:32:50,582 books_views.py[line:154] INFO 获取图片出错！
2018-12-02 14:32:50,659 books_views.py[line:167] DEBUG Search: add book
2018-12-02 14:33:35,855 books_views.py[line:154] INFO 获取图片出错！
2018-12-02 14:33:35,916 books_views.py[line:170] DEBUG Search: add book
2018-12-02 14:34:39,708 books_views.py[line:154] INFO 获取图片出错！
2018-12-02 14:34:39,788 books_views.py[line:170] DEBUG Search: add book
2018-12-02 14:34:57,054 books_views.py[line:154] INFO 获取图片出错！
2018-12-02 14:34:57,109 books_views.py[line:167] DEBUG Search: add book
2018-12-02 14:35:18,116 books_views.py[line:154] INFO 获取图片出错！
2018-12-02 14:35:18,181 books_views.py[line:167] DEBUG Search: add book
2018-12-02 14:37:09,995 books_views.py[line:155] INFO 获取图片出错！
2018-12-02 14:37:10,055 books_views.py[line:168] DEBUG Search: add book
2018-12-02 14:37:14,500 books_views.py[line:155] INFO 获取图片出错！
2018-12-02 14:37:14,555 books_views.py[line:168] DEBUG Search: add book
2018-12-02 14:37:17,385 books_views.py[line:155] INFO 获取图片出错！
2018-12-02 14:37:17,472 books_views.py[line:168] DEBUG Search: add book
2018-12-02 14:38:06,456 books_views.py[line:155] INFO 获取图片出错！
2018-12-02 14:38:06,528 books_views.py[line:168] DEBUG Search: add book
2018-12-02 14:38:54,260 books_views.py[line:155] INFO 获取图片出错！
2018-12-02 14:38:54,414 books_views.py[line:168] DEBUG Search: add book
2018-12-02 14:39:43,596 books_views.py[line:74] DEBUG Search: searchAll
2018-12-02 14:39:46,193 books_views.py[line:74] DEBUG Search: searchAll
2018-12-02 14:40:04,321 books_views.py[line:74] DEBUG Search: searchAll
2018-12-02 14:57:35,276 books_views.py[line:74] DEBUG Search: searchAll
2018-12-02 14:58:37,182 books_views.py[line:74] DEBUG Search: searchAll
2018-12-02 14:58:48,611 books_views.py[line:74] DEBUG Search: searchAll
2018-12-02 14:58:54,754 books_views.py[line:74] DEBUG Search: searchAll
2018-12-02 14:59:26,848 books_views.py[line:74] DEBUG Search: searchAll
2018-12-02 14:59:31,774 books_views.py[line:74] DEBUG Search: searchAll
2018-12-02 15:01:42,411 books_views.py[line:74] DEBUG Search: searchAll
2018-12-02 15:01:45,193 books_views.py[line:74] DEBUG Search: searchAll
2018-12-02 15:02:28,722 books_views.py[line:74] DEBUG Search: searchAll
2018-12-02 15:02:38,802 books_views.py[line:74] DEBUG Search: searchAll
2018-12-02 15:02:40,226 books_views.py[line:74] DEBUG Search: searchAll
2018-12-02 15:02:45,046 books_views.py[line:74] DEBUG Search: searchAll
2018-12-02 15:14:18,875 books_views.py[line:95] DEBUG Search: searchAll
2018-12-02 15:14:35,205 books_views.py[line:95] DEBUG Search: searchAll
2018-12-02 15:23:07,874 books_views.py[line:77] DEBUG Search: search key = Python
2018-12-02 15:30:01,918 books_views.py[line:77] DEBUG Search: search key = 的
2018-12-02 15:30:04,981 books_views.py[line:77] DEBUG Search: search key = 的
2018-12-02 15:30:06,217 books_views.py[line:77] DEBUG Search: search key = 的
2018-12-02 15:34:13,394 books_views.py[line:77] DEBUG Search: search key = 哲学
